2023-12-03 23:56:48,495 INFO 
################################################################################
                               [ JSI CLI STARTS ]                               
################################################################################

2023-12-03 23:56:48,495 INFO sys.argv: ['/var/db/scripts/op/jsi', '--user', 'whoami']
2023-12-03 23:56:48,495 INFO 
********************************************************************************
                              USER WHOAMI COMMAND                              
********************************************************************************

2023-12-03 23:56:48,496 DEBUG call "user_self" function...
2023-12-03 23:56:49,071 DEBUG 
============ BEGIN ============

<<<<<<<<<<<< Send
    Request URL: "https://api.mist.com/api/v1/self"
    Request Method: GET
    Request Headers:
        {
            "User-Agent": "python-requests/2.28.1",
            "Accept-Encoding": "gzip, deflate",
            "Accept": "*/*",
            "Connection": "keep-alive",
            "Content-Type": "application/json",
            "Authorization": "Token xxxxxxxxxxxxxxxxxxxxxxxxxxxxxxxxxxxxxxxxxxxxxxxxxxxxxxxxxxxxxxxxxxxxxxxxxxxxxxxxxxxxxxxxxxxxxxxx"
        }
    Request Payload:
        None

>>>>>>>>>>>> Receive
    Response URL: "https://api.mist.com/api/v1/self"
    Response Status Code: 200
    Response Headers:
        {
            "Date": "Mon, 04 Dec 2023 04:58:22 GMT",
            "Content-Type": "application/json",
            "Content-Length": "130",
            "Connection": "keep-alive",
            "Vary": "Accept, Cookie, Origin",
            "Allow": "GET, OPTIONS, DELETE, PUT",
            "X-Frame-Options": "DENY",
            "Cache-Control": "no-cache, no-store",
            "Pragma": "no-cache",
            "Access-Control-Allow-Credentials": "true",
            "Access-Control-Expose-Headers": "X-Auth-Token,X-CSRFToken,X-Page-Limit,X-Page-Page,X-Page-Total,X-Requested-With",
            "Content-Security-Policy": "default-src 'self'; object-src 'none'; style-src 'self' 'unsafe-inline'; script-src 'self' 'unsafe-inline';",
            "X-Content-Type-Options": "nosniff",
            "X-Xss-Protection": "1; mode=block",
            "Strict-Transport-Security": "max-age=31536000; includeSubDomains; preload",
            "Referrer-Policy": "strict-origin-when-cross-origin",
            "Permissions-Policy": "geolocation=()",
            "X-Kong-Upstream-Latency": "298",
            "X-Kong-Proxy-Latency": "0",
            "Via": "kong/2.1.4"
        }
    Response Payloads:
        {
            "name": "t1",
            "privileges": [
                {
                    "scope": "org",
                    "org_id": "d493e95f-07ad-4163-85f0-5285cf26be94",
                    "role": "admin",
                    "name": "Juniper-test1"
                }
            ]
        }

============ END ==============

2023-12-03 23:56:49,071 INFO checking if user is already logged in...?
2023-12-03 23:56:49,072 DEBUG call "user_self" function...
2023-12-03 23:56:49,650 DEBUG 
============ BEGIN ============

<<<<<<<<<<<< Send
    Request URL: "https://api.mist.com/api/v1/self"
    Request Method: GET
    Request Headers:
        {
            "User-Agent": "python-requests/2.28.1",
            "Accept-Encoding": "gzip, deflate",
            "Accept": "*/*",
            "Connection": "keep-alive",
            "Content-Type": "application/json",
            "Authorization": "Token xxxxxxxxxxxxxxxxxxxxxxxxxxxxxxxxxxxxxxxxxxxxxxxxxxxxxxxxxxxxxxxxxxxxxxxxxxxxxxxxxxxxxxxxxxxxxxxx"
        }
    Request Payload:
        None

>>>>>>>>>>>> Receive
    Response URL: "https://api.mist.com/api/v1/self"
    Response Status Code: 200
    Response Headers:
        {
            "Date": "Mon, 04 Dec 2023 04:58:23 GMT",
            "Content-Type": "application/json",
            "Content-Length": "130",
            "Connection": "keep-alive",
            "Vary": "Accept, Cookie, Origin",
            "Allow": "PUT, DELETE, OPTIONS, GET",
            "X-Frame-Options": "DENY",
            "Cache-Control": "no-cache, no-store",
            "Pragma": "no-cache",
            "Access-Control-Allow-Credentials": "true",
            "Access-Control-Expose-Headers": "X-Auth-Token,X-CSRFToken,X-Page-Limit,X-Page-Page,X-Page-Total,X-Requested-With",
            "Content-Security-Policy": "default-src 'self'; object-src 'none'; style-src 'self' 'unsafe-inline'; script-src 'self' 'unsafe-inline';",
            "X-Content-Type-Options": "nosniff",
            "X-Xss-Protection": "1; mode=block",
            "Strict-Transport-Security": "max-age=31536000; includeSubDomains; preload",
            "Referrer-Policy": "strict-origin-when-cross-origin",
            "Permissions-Policy": "geolocation=()",
            "X-Kong-Upstream-Latency": "309",
            "X-Kong-Proxy-Latency": "0",
            "Via": "kong/2.1.4"
        }
    Response Payloads:
        {
            "name": "t1",
            "privileges": [
                {
                    "scope": "org",
                    "org_id": "d493e95f-07ad-4163-85f0-5285cf26be94",
                    "role": "admin",
                    "name": "Juniper-test1"
                }
            ]
        }

============ END ==============

2023-12-03 23:56:49,650 INFO Yes, user is already logged in!
2023-12-03 23:56:49,650 INFO Extract privileges from user info
2023-12-03 23:56:49,650 DEBUG call "org_table" function...
2023-12-03 23:56:49,651 DEBUG call "org_dict" function...
2023-12-03 23:56:49,651 DEBUG call "sites_list" function...
2023-12-03 23:56:49,651 DEBUG call "sites" function...
2023-12-03 23:56:49,942 DEBUG 
============ BEGIN ============

<<<<<<<<<<<< Send
    Request URL: "https://api.mist.com/api/v1/orgs/d493e95f-07ad-4163-85f0-5285cf26be94/sites"
    Request Method: GET
    Request Headers:
        {
            "User-Agent": "python-requests/2.28.1",
            "Accept-Encoding": "gzip, deflate",
            "Accept": "*/*",
            "Connection": "keep-alive",
            "Content-Type": "application/json",
            "Authorization": "Token xxxxxxxxxxxxxxxxxxxxxxxxxxxxxxxxxxxxxxxxxxxxxxxxxxxxxxxxxxxxxxxxxxxxxxxxxxxxxxxxxxxxxxxxxxxxxxxx"
        }
    Request Payload:
        None

>>>>>>>>>>>> Receive
    Response URL: "https://api.mist.com/api/v1/orgs/d493e95f-07ad-4163-85f0-5285cf26be94/sites"
    Response Status Code: 200
    Response Headers:
        {
            "Date": "Mon, 04 Dec 2023 04:58:23 GMT",
            "Content-Type": "application/json",
            "Content-Length": "1497",
            "Connection": "keep-alive",
            "Vary": "Accept, Cookie, Origin",
            "Allow": "POST, OPTIONS, GET",
            "X-Frame-Options": "DENY",
            "Cache-Control": "no-cache, no-store",
            "Pragma": "no-cache",
            "Access-Control-Allow-Credentials": "true",
            "Access-Control-Expose-Headers": "X-Auth-Token,X-CSRFToken,X-Page-Limit,X-Page-Page,X-Page-Total,X-Requested-With",
            "Content-Security-Policy": "default-src 'self'; object-src 'none'; style-src 'self' 'unsafe-inline'; script-src 'self' 'unsafe-inline';",
            "X-Content-Type-Options": "nosniff",
            "X-Xss-Protection": "1; mode=block",
            "Strict-Transport-Security": "max-age=31536000; includeSubDomains; preload",
            "Referrer-Policy": "strict-origin-when-cross-origin",
            "Permissions-Policy": "geolocation=()",
            "X-Kong-Upstream-Latency": "18",
            "X-Kong-Proxy-Latency": "0",
            "Via": "kong/2.1.4"
        }
    Response Payloads:
        [
            {
                "timezone": "America/Los_Angeles",
                "country_code": "US",
                "latlng": {
                    "lat": 37.363863000000002,
                    "lng": -121.901098
                },
                "id": "3587662b-591f-4b5c-8762-35d296b0c94b",
                "name": "Primary Site",
                "org_id": "d493e95f-07ad-4163-85f0-5285cf26be94",
                "created_time": 1644214073,
                "modified_time": 1644214073,
                "rftemplate_id": null,
                "aptemplate_id": null,
                "secpolicy_id": null,
                "alarmtemplate_id": null,
                "networktemplate_id": null,
                "gatewaytemplate_id": null,
                "sitetemplate_id": null,
                "tzoffset": 960
            },
            {
                "country_code": "US",
                "timezone": "America/New_York",
                "address": "10 Technology Park Dr, Westford, MA 01886, USA",
                "sitegroup_ids": [],
                "notes": "",
                "latlng": {
                    "lat": 42.573138999999998,
                    "lng": -71.411034000000001
                },
                "id": "93e6afee-3e58-4635-aded-186d47a54f94",
                "name": "Westford",
                "org_id": "d493e95f-07ad-4163-85f0-5285cf26be94",
                "created_time": 1651074727,
                "modified_time": 1651074727,
                "rftemplate_id": null,
                "aptemplate_id": null,
                "secpolicy_id": null,
                "alarmtemplate_id": null,
                "networktemplate_id": null,
                "gatewaytemplate_id": null,
                "sitetemplate_id": null,
                "tzoffset": 1140
            },
            {
                "country_code": "US",
                "timezone": "America/Los_Angeles",
                "address": "1133 Innovation Way, Sunnyvale, CA 94089, USA",
                "sitegroup_ids": [],
                "notes": "",
                "latlng": {
                    "lat": 37.407592000000001,
                    "lng": -122.029241
                },
                "id": "9b7b593e-6eff-41a7-8219-4aea50a21335",
                "name": "Sunnyvale",
                "org_id": "d493e95f-07ad-4163-85f0-5285cf26be94",
                "created_time": 1651074763,
                "modified_time": 1651074763,
                "rftemplate_id": null,
                "aptemplate_id": null,
                "secpolicy_id": null,
                "alarmtemplate_id": null,
                "networktemplate_id": null,
                "gatewaytemplate_id": null,
                "sitetemplate_id": null,
                "tzoffset": 960
            }
        ]

============ END ==============

2023-12-03 23:56:49,942 INFO 
Orgs and Sites you have access to:
Api Token Name: t1

Number  Org name       Org permission  Site name     Site permission
------  -------------  --------------  ------------  ---------------
  1     Juniper-test1  admin           Primary Site  -              
  2     Juniper-test1  admin           Westford      -              
  3     Juniper-test1  admin           Sunnyvale     -              
2023-12-03 23:56:49,943 INFO 
                                                                                
                               Bye! JSI CLI ends.                               
                                                                                

