2023-12-03 23:11:36,125 INFO 
################################################################################
                               [ JSI CLI STARTS ]                               
################################################################################

2023-12-03 23:11:36,125 INFO sys.argv: ['/var/db/scripts/op/jsi', '--device', 'disconnect']
2023-12-03 23:11:36,125 INFO 
********************************************************************************
                           DEVICE DISCONNECT COMMAND                           
********************************************************************************

2023-12-03 23:11:36,127 DEBUG call "user_self" function...
2023-12-03 23:11:36,436 DEBUG 
============ BEGIN ============

<<<<<<<<<<<< Send
    Request URL: "https://api.mist.com/api/v1/self"
    Request Method: GET
    Request Headers:
        {
            "User-Agent": "python-requests/2.28.1",
            "Accept-Encoding": "gzip, deflate",
            "Accept": "*/*",
            "Connection": "keep-alive",
            "Content-Type": "application/json",
            "X-Csrftoken": "xxxxxxxxxxxxxxxxxxxxxxxxxxxxxxxxxxxxxxxxxxxxxxxxxxxxxxxxxxxxxxxx",
            "Cookie": "csrftoken=xxxxxxxxxxxxxxxxxxxxxxxxxxxxxxxxxxxxxxxxxxxxxxxxxxxxxxxxxxxxxxxx; sessionid=u4fby7zlvh4vq3oc7imohlk56fskti81"
        }
    Request Payload:
        None

>>>>>>>>>>>> Receive
    Response URL: "https://api.mist.com/api/v1/self"
    Response Status Code: 200
    Response Headers:
        {
            "Date": "Mon, 04 Dec 2023 04:13:10 GMT",
            "Content-Type": "application/json",
            "Content-Length": "356",
            "Connection": "keep-alive",
            "Vary": "Accept, Cookie, Origin",
            "Allow": "PUT, DELETE, OPTIONS, GET",
            "X-Frame-Options": "DENY",
            "Cache-Control": "no-cache, no-store",
            "Pragma": "no-cache",
            "Access-Control-Allow-Credentials": "true",
            "Access-Control-Expose-Headers": "X-Auth-Token,X-CSRFToken,X-Page-Limit,X-Page-Page,X-Page-Total,X-Requested-With",
            "Content-Security-Policy": "default-src 'self'; object-src 'none'; style-src 'self' 'unsafe-inline'; script-src 'self' 'unsafe-inline';",
            "X-Content-Type-Options": "nosniff",
            "X-Xss-Protection": "1; mode=block",
            "Strict-Transport-Security": "max-age=31536000; includeSubDomains; preload",
            "Referrer-Policy": "strict-origin-when-cross-origin",
            "Permissions-Policy": "geolocation=()",
            "X-Kong-Upstream-Latency": "25",
            "X-Kong-Proxy-Latency": "0",
            "Via": "kong/2.1.4"
        }
    Response Payloads:
        {
            "email": "srho@juniper.net",
            "first_name": "Simon",
            "last_name": "Rho",
            "enable_two_factor": true,
            "two_factor_verified": true,
            "phone": "97879916721",
            "phone2": "123-456-6789",
            "tags": [
                "mist",
                "wired",
                "has_8021x",
                "mist-customer"
            ],
            "session_expiry": 1440,
            "privileges": [
                {
                    "scope": "org",
                    "org_id": "d493e95f-07ad-4163-85f0-5285cf26be94",
                    "role": "admin",
                    "name": "Juniper-test1"
                }
            ]
        }

============ END ==============

2023-12-03 23:11:36,436 INFO checking if user is already logged in...?
2023-12-03 23:11:36,436 DEBUG call "user_self" function...
2023-12-03 23:11:36,725 DEBUG 
============ BEGIN ============

<<<<<<<<<<<< Send
    Request URL: "https://api.mist.com/api/v1/self"
    Request Method: GET
    Request Headers:
        {
            "User-Agent": "python-requests/2.28.1",
            "Accept-Encoding": "gzip, deflate",
            "Accept": "*/*",
            "Connection": "keep-alive",
            "Content-Type": "application/json",
            "X-Csrftoken": "xxxxxxxxxxxxxxxxxxxxxxxxxxxxxxxxxxxxxxxxxxxxxxxxxxxxxxxxxxxxxxxx",
            "Cookie": "csrftoken=xxxxxxxxxxxxxxxxxxxxxxxxxxxxxxxxxxxxxxxxxxxxxxxxxxxxxxxxxxxxxxxx; sessionid=u4fby7zlvh4vq3oc7imohlk56fskti81"
        }
    Request Payload:
        None

>>>>>>>>>>>> Receive
    Response URL: "https://api.mist.com/api/v1/self"
    Response Status Code: 200
    Response Headers:
        {
            "Date": "Mon, 04 Dec 2023 04:13:10 GMT",
            "Content-Type": "application/json",
            "Content-Length": "356",
            "Connection": "keep-alive",
            "Vary": "Accept, Cookie, Origin",
            "Allow": "GET, DELETE, PUT, OPTIONS",
            "X-Frame-Options": "DENY",
            "Cache-Control": "no-cache, no-store",
            "Pragma": "no-cache",
            "Access-Control-Allow-Credentials": "true",
            "Access-Control-Expose-Headers": "X-Auth-Token,X-CSRFToken,X-Page-Limit,X-Page-Page,X-Page-Total,X-Requested-With",
            "Content-Security-Policy": "default-src 'self'; object-src 'none'; style-src 'self' 'unsafe-inline'; script-src 'self' 'unsafe-inline';",
            "X-Content-Type-Options": "nosniff",
            "X-Xss-Protection": "1; mode=block",
            "Strict-Transport-Security": "max-age=31536000; includeSubDomains; preload",
            "Referrer-Policy": "strict-origin-when-cross-origin",
            "Permissions-Policy": "geolocation=()",
            "X-Kong-Upstream-Latency": "17",
            "X-Kong-Proxy-Latency": "0",
            "Via": "kong/2.1.4"
        }
    Response Payloads:
        {
            "email": "srho@juniper.net",
            "first_name": "Simon",
            "last_name": "Rho",
            "enable_two_factor": true,
            "two_factor_verified": true,
            "phone": "97879916721",
            "phone2": "123-456-6789",
            "tags": [
                "wired",
                "mist",
                "mist-customer",
                "has_8021x"
            ],
            "session_expiry": 1440,
            "privileges": [
                {
                    "scope": "org",
                    "org_id": "d493e95f-07ad-4163-85f0-5285cf26be94",
                    "role": "admin",
                    "name": "Juniper-test1"
                }
            ]
        }

============ END ==============

2023-12-03 23:11:36,725 INFO Yes, user is already logged in!
2023-12-03 23:11:36,726 DEBUG call "user_self" function...
2023-12-03 23:11:37,022 DEBUG 
============ BEGIN ============

<<<<<<<<<<<< Send
    Request URL: "https://api.mist.com/api/v1/self"
    Request Method: GET
    Request Headers:
        {
            "User-Agent": "python-requests/2.28.1",
            "Accept-Encoding": "gzip, deflate",
            "Accept": "*/*",
            "Connection": "keep-alive",
            "Content-Type": "application/json",
            "X-Csrftoken": "xxxxxxxxxxxxxxxxxxxxxxxxxxxxxxxxxxxxxxxxxxxxxxxxxxxxxxxxxxxxxxxx",
            "Cookie": "csrftoken=xxxxxxxxxxxxxxxxxxxxxxxxxxxxxxxxxxxxxxxxxxxxxxxxxxxxxxxxxxxxxxxx; sessionid=u4fby7zlvh4vq3oc7imohlk56fskti81"
        }
    Request Payload:
        None

>>>>>>>>>>>> Receive
    Response URL: "https://api.mist.com/api/v1/self"
    Response Status Code: 200
    Response Headers:
        {
            "Date": "Mon, 04 Dec 2023 04:13:10 GMT",
            "Content-Type": "application/json",
            "Content-Length": "356",
            "Connection": "keep-alive",
            "Vary": "Accept, Cookie, Origin",
            "Allow": "GET, OPTIONS, DELETE, PUT",
            "X-Frame-Options": "DENY",
            "Cache-Control": "no-cache, no-store",
            "Pragma": "no-cache",
            "Access-Control-Allow-Credentials": "true",
            "Access-Control-Expose-Headers": "X-Auth-Token,X-CSRFToken,X-Page-Limit,X-Page-Page,X-Page-Total,X-Requested-With",
            "Content-Security-Policy": "default-src 'self'; object-src 'none'; style-src 'self' 'unsafe-inline'; script-src 'self' 'unsafe-inline';",
            "X-Content-Type-Options": "nosniff",
            "X-Xss-Protection": "1; mode=block",
            "Strict-Transport-Security": "max-age=31536000; includeSubDomains; preload",
            "Referrer-Policy": "strict-origin-when-cross-origin",
            "Permissions-Policy": "geolocation=()",
            "X-Kong-Upstream-Latency": "25",
            "X-Kong-Proxy-Latency": "0",
            "Via": "kong/2.1.4"
        }
    Response Payloads:
        {
            "email": "srho@juniper.net",
            "first_name": "Simon",
            "last_name": "Rho",
            "enable_two_factor": true,
            "two_factor_verified": true,
            "phone": "97879916721",
            "phone2": "123-456-6789",
            "tags": [
                "has_8021x",
                "mist",
                "mist-customer",
                "wired"
            ],
            "session_expiry": 1440,
            "privileges": [
                {
                    "scope": "org",
                    "org_id": "d493e95f-07ad-4163-85f0-5285cf26be94",
                    "role": "admin",
                    "name": "Juniper-test1"
                }
            ]
        }

============ END ==============

2023-12-03 23:11:37,082 DEBUG call "get_inventory_from_orgs" function...
2023-12-03 23:11:37,083 DEBUG call "org_list" function...
2023-12-03 23:11:37,083 DEBUG call "user_self" function...
2023-12-03 23:11:37,421 DEBUG 
============ BEGIN ============

<<<<<<<<<<<< Send
    Request URL: "https://api.mist.com/api/v1/self"
    Request Method: GET
    Request Headers:
        {
            "User-Agent": "python-requests/2.28.1",
            "Accept-Encoding": "gzip, deflate",
            "Accept": "*/*",
            "Connection": "keep-alive",
            "Content-Type": "application/json",
            "X-Csrftoken": "xxxxxxxxxxxxxxxxxxxxxxxxxxxxxxxxxxxxxxxxxxxxxxxxxxxxxxxxxxxxxxxx",
            "Cookie": "csrftoken=xxxxxxxxxxxxxxxxxxxxxxxxxxxxxxxxxxxxxxxxxxxxxxxxxxxxxxxxxxxxxxxx; sessionid=u4fby7zlvh4vq3oc7imohlk56fskti81"
        }
    Request Payload:
        None

>>>>>>>>>>>> Receive
    Response URL: "https://api.mist.com/api/v1/self"
    Response Status Code: 200
    Response Headers:
        {
            "Date": "Mon, 04 Dec 2023 04:13:11 GMT",
            "Content-Type": "application/json",
            "Content-Length": "356",
            "Connection": "keep-alive",
            "Vary": "Accept, Cookie, Origin",
            "Allow": "OPTIONS, DELETE, GET, PUT",
            "X-Frame-Options": "DENY",
            "Cache-Control": "no-cache, no-store",
            "Pragma": "no-cache",
            "Access-Control-Allow-Credentials": "true",
            "Access-Control-Expose-Headers": "X-Auth-Token,X-CSRFToken,X-Page-Limit,X-Page-Page,X-Page-Total,X-Requested-With",
            "Content-Security-Policy": "default-src 'self'; object-src 'none'; style-src 'self' 'unsafe-inline'; script-src 'self' 'unsafe-inline';",
            "X-Content-Type-Options": "nosniff",
            "X-Xss-Protection": "1; mode=block",
            "Strict-Transport-Security": "max-age=31536000; includeSubDomains; preload",
            "Referrer-Policy": "strict-origin-when-cross-origin",
            "Permissions-Policy": "geolocation=()",
            "X-Kong-Upstream-Latency": "23",
            "X-Kong-Proxy-Latency": "0",
            "Via": "kong/2.1.4"
        }
    Response Payloads:
        {
            "email": "srho@juniper.net",
            "first_name": "Simon",
            "last_name": "Rho",
            "enable_two_factor": true,
            "two_factor_verified": true,
            "phone": "97879916721",
            "phone2": "123-456-6789",
            "tags": [
                "has_8021x",
                "mist",
                "mist-customer",
                "wired"
            ],
            "session_expiry": 1440,
            "privileges": [
                {
                    "scope": "org",
                    "org_id": "d493e95f-07ad-4163-85f0-5285cf26be94",
                    "role": "admin",
                    "name": "Juniper-test1"
                }
            ]
        }

============ END ==============

2023-12-03 23:11:37,421 DEBUG call "get_inventory" function...
2023-12-03 23:11:37,721 DEBUG 
============ BEGIN ============

<<<<<<<<<<<< Send
    Request URL: "https://api.mist.com/api/v1/orgs/d493e95f-07ad-4163-85f0-5285cf26be94/inventory?serial=BQ970"
    Request Method: GET
    Request Headers:
        {
            "User-Agent": "python-requests/2.28.1",
            "Accept-Encoding": "gzip, deflate",
            "Accept": "*/*",
            "Connection": "keep-alive",
            "Content-Type": "application/json",
            "X-Csrftoken": "xxxxxxxxxxxxxxxxxxxxxxxxxxxxxxxxxxxxxxxxxxxxxxxxxxxxxxxxxxxxxxxx",
            "Cookie": "csrftoken=xxxxxxxxxxxxxxxxxxxxxxxxxxxxxxxxxxxxxxxxxxxxxxxxxxxxxxxxxxxxxxxx; sessionid=u4fby7zlvh4vq3oc7imohlk56fskti81"
        }
    Request Payload:
        None

>>>>>>>>>>>> Receive
    Response URL: "https://api.mist.com/api/v1/orgs/d493e95f-07ad-4163-85f0-5285cf26be94/inventory?serial=BQ970"
    Response Status Code: 200
    Response Headers:
        {
            "Date": "Mon, 04 Dec 2023 04:13:11 GMT",
            "Content-Type": "application/json",
            "Content-Length": "303",
            "Connection": "keep-alive",
            "X-Page-Total": "1",
            "X-Page-Limit": "100",
            "X-Page-Page": "1",
            "Vary": "Accept, Cookie, Origin",
            "Allow": "OPTIONS, POST, GET, PUT",
            "X-Frame-Options": "DENY",
            "Cache-Control": "no-cache, no-store",
            "Pragma": "no-cache",
            "Access-Control-Allow-Credentials": "true",
            "Access-Control-Expose-Headers": "X-Auth-Token,X-CSRFToken,X-Page-Limit,X-Page-Page,X-Page-Total,X-Requested-With",
            "Content-Security-Policy": "default-src 'self'; object-src 'none'; style-src 'self' 'unsafe-inline'; script-src 'self' 'unsafe-inline';",
            "X-Content-Type-Options": "nosniff",
            "X-Xss-Protection": "1; mode=block",
            "Strict-Transport-Security": "max-age=31536000; includeSubDomains; preload",
            "Referrer-Policy": "strict-origin-when-cross-origin",
            "Permissions-Policy": "geolocation=()",
            "X-Kong-Upstream-Latency": "26",
            "X-Kong-Proxy-Latency": "0",
            "Via": "kong/2.1.4"
        }
    Response Payloads:
        [
            {
                "mac": "cce19468f078",
                "serial": "BQ970",
                "model": "MX204",
                "sku": "",
                "hw_rev": "",
                "type": "gateway",
                "magic": "",
                "name": "",
                "jsi": false,
                "org_id": "d493e95f-07ad-4163-85f0-5285cf26be94",
                "site_id": null,
                "created_time": 1701590793,
                "modified_time": 1701590793,
                "id": "00000000-0000-0000-1000-cce19468f078",
                "adopted": true
            }
        ]

============ END ==============

2023-12-03 23:11:41,464 INFO Proceeding with device disconnection...
2023-12-03 23:11:41,464 DEBUG call "inventory_delete" function...
2023-12-03 23:11:41,800 DEBUG 
============ BEGIN ============

<<<<<<<<<<<< Send
    Request URL: "https://api.mist.com/api/v1/orgs/d493e95f-07ad-4163-85f0-5285cf26be94/inventory"
    Request Method: PUT
    Request Headers:
        {
            "User-Agent": "python-requests/2.28.1",
            "Accept-Encoding": "gzip, deflate",
            "Accept": "*/*",
            "Connection": "keep-alive",
            "Content-Type": "application/json",
            "X-Csrftoken": "xxxxxxxxxxxxxxxxxxxxxxxxxxxxxxxxxxxxxxxxxxxxxxxxxxxxxxxxxxxxxxxx",
            "Cookie": "csrftoken=xxxxxxxxxxxxxxxxxxxxxxxxxxxxxxxxxxxxxxxxxxxxxxxxxxxxxxxxxxxxxxxx; sessionid=u4fby7zlvh4vq3oc7imohlk56fskti81",
            "Content-Length": "38"
        }
    Request Payload:
        {
            "op": "delete",
            "serials": [
                "BQ970"
            ]
        }

>>>>>>>>>>>> Receive
    Response URL: "https://api.mist.com/api/v1/orgs/d493e95f-07ad-4163-85f0-5285cf26be94/inventory"
    Response Status Code: 200
    Response Headers:
        {
            "Date": "Mon, 04 Dec 2023 04:13:15 GMT",
            "Content-Type": "application/json",
            "Content-Length": "58",
            "Connection": "keep-alive",
            "Vary": "Accept, Cookie, Origin",
            "Allow": "GET, POST, OPTIONS, PUT",
            "X-Frame-Options": "DENY",
            "Cache-Control": "no-cache, no-store",
            "Pragma": "no-cache",
            "Access-Control-Allow-Credentials": "true",
            "Access-Control-Expose-Headers": "X-Auth-Token,X-CSRFToken,X-Page-Limit,X-Page-Page,X-Page-Total,X-Requested-With",
            "Content-Security-Policy": "default-src 'self'; object-src 'none'; style-src 'self' 'unsafe-inline'; script-src 'self' 'unsafe-inline';",
            "X-Content-Type-Options": "nosniff",
            "X-Xss-Protection": "1; mode=block",
            "Strict-Transport-Security": "max-age=31536000; includeSubDomains; preload",
            "Referrer-Policy": "strict-origin-when-cross-origin",
            "Permissions-Policy": "geolocation=()",
            "X-Kong-Upstream-Latency": "61",
            "X-Kong-Proxy-Latency": "0",
            "Via": "kong/2.1.4"
        }
    Response Payloads:
        {
            "op": "delete",
            "success": [
                "BQ970"
            ],
            "error": [],
            "reason": []
        }

============ END ==============

2023-12-03 23:11:41,801 INFO Device has been successfully disconnected and removed from inventory.
2023-12-03 23:11:41,801 INFO The login Username and outbound-SSH service used for cloud device attachment remain. Please locate and delete them if you want.
2023-12-03 23:11:41,801 INFO 
                                                                                
                               Bye! JSI CLI ends.                               
                                                                                

