2023-12-03 23:09:51,362 INFO 
################################################################################
                               [ JSI CLI STARTS ]                               
################################################################################

2023-12-03 23:09:51,362 INFO sys.argv: ['/var/db/scripts/op/jsi', '--org', 'list']
2023-12-03 23:09:51,363 INFO 
********************************************************************************
                                ORG LIST COMMAND                                
********************************************************************************

2023-12-03 23:09:51,364 DEBUG call "user_self" function...
2023-12-03 23:09:51,692 DEBUG 
============ BEGIN ============

<<<<<<<<<<<< Send
    Request URL: "https://api.mist.com/api/v1/self"
    Request Method: GET
    Request Headers:
        {
            "User-Agent": "python-requests/2.28.1",
            "Accept-Encoding": "gzip, deflate",
            "Accept": "*/*",
            "Connection": "keep-alive",
            "Content-Type": "application/json",
            "X-Csrftoken": "xxxxxxxxxxxxxxxxxxxxxxxxxxxxxxxxxxxxxxxxxxxxxxxxxxxxxxxxxxxxxxxx",
            "Cookie": "csrftoken=xxxxxxxxxxxxxxxxxxxxxxxxxxxxxxxxxxxxxxxxxxxxxxxxxxxxxxxxxxxxxxxx; sessionid=u4fby7zlvh4vq3oc7imohlk56fskti81"
        }
    Request Payload:
        None

>>>>>>>>>>>> Receive
    Response URL: "https://api.mist.com/api/v1/self"
    Response Status Code: 200
    Response Headers:
        {
            "Date": "Mon, 04 Dec 2023 04:11:25 GMT",
            "Content-Type": "application/json",
            "Content-Length": "356",
            "Connection": "keep-alive",
            "Vary": "Accept, Cookie, Origin",
            "Allow": "GET, OPTIONS, DELETE, PUT",
            "X-Frame-Options": "DENY",
            "Cache-Control": "no-cache, no-store",
            "Pragma": "no-cache",
            "Access-Control-Allow-Credentials": "true",
            "Access-Control-Expose-Headers": "X-Auth-Token,X-CSRFToken,X-Page-Limit,X-Page-Page,X-Page-Total,X-Requested-With",
            "Content-Security-Policy": "default-src 'self'; object-src 'none'; style-src 'self' 'unsafe-inline'; script-src 'self' 'unsafe-inline';",
            "X-Content-Type-Options": "nosniff",
            "X-Xss-Protection": "1; mode=block",
            "Strict-Transport-Security": "max-age=31536000; includeSubDomains; preload",
            "Referrer-Policy": "strict-origin-when-cross-origin",
            "Permissions-Policy": "geolocation=()",
            "X-Kong-Upstream-Latency": "23",
            "X-Kong-Proxy-Latency": "0",
            "Via": "kong/2.1.4"
        }
    Response Payloads:
        {
            "email": "srho@juniper.net",
            "first_name": "Simon",
            "last_name": "Rho",
            "enable_two_factor": true,
            "two_factor_verified": true,
            "phone": "97879916721",
            "phone2": "123-456-6789",
            "tags": [
                "has_8021x",
                "mist",
                "mist-customer",
                "wired"
            ],
            "session_expiry": 1440,
            "privileges": [
                {
                    "scope": "org",
                    "org_id": "d493e95f-07ad-4163-85f0-5285cf26be94",
                    "role": "admin",
                    "name": "Juniper-test1"
                }
            ]
        }

============ END ==============

2023-12-03 23:09:51,692 INFO checking if user is already logged in...?
2023-12-03 23:09:51,692 DEBUG call "user_self" function...
2023-12-03 23:09:51,992 DEBUG 
============ BEGIN ============

<<<<<<<<<<<< Send
    Request URL: "https://api.mist.com/api/v1/self"
    Request Method: GET
    Request Headers:
        {
            "User-Agent": "python-requests/2.28.1",
            "Accept-Encoding": "gzip, deflate",
            "Accept": "*/*",
            "Connection": "keep-alive",
            "Content-Type": "application/json",
            "X-Csrftoken": "xxxxxxxxxxxxxxxxxxxxxxxxxxxxxxxxxxxxxxxxxxxxxxxxxxxxxxxxxxxxxxxx",
            "Cookie": "csrftoken=xxxxxxxxxxxxxxxxxxxxxxxxxxxxxxxxxxxxxxxxxxxxxxxxxxxxxxxxxxxxxxxx; sessionid=u4fby7zlvh4vq3oc7imohlk56fskti81"
        }
    Request Payload:
        None

>>>>>>>>>>>> Receive
    Response URL: "https://api.mist.com/api/v1/self"
    Response Status Code: 200
    Response Headers:
        {
            "Date": "Mon, 04 Dec 2023 04:11:25 GMT",
            "Content-Type": "application/json",
            "Content-Length": "356",
            "Connection": "keep-alive",
            "Vary": "Accept, Cookie, Origin",
            "Allow": "GET, DELETE, PUT, OPTIONS",
            "X-Frame-Options": "DENY",
            "Cache-Control": "no-cache, no-store",
            "Pragma": "no-cache",
            "Access-Control-Allow-Credentials": "true",
            "Access-Control-Expose-Headers": "X-Auth-Token,X-CSRFToken,X-Page-Limit,X-Page-Page,X-Page-Total,X-Requested-With",
            "Content-Security-Policy": "default-src 'self'; object-src 'none'; style-src 'self' 'unsafe-inline'; script-src 'self' 'unsafe-inline';",
            "X-Content-Type-Options": "nosniff",
            "X-Xss-Protection": "1; mode=block",
            "Strict-Transport-Security": "max-age=31536000; includeSubDomains; preload",
            "Referrer-Policy": "strict-origin-when-cross-origin",
            "Permissions-Policy": "geolocation=()",
            "X-Kong-Upstream-Latency": "23",
            "X-Kong-Proxy-Latency": "0",
            "Via": "kong/2.1.4"
        }
    Response Payloads:
        {
            "email": "srho@juniper.net",
            "first_name": "Simon",
            "last_name": "Rho",
            "enable_two_factor": true,
            "two_factor_verified": true,
            "phone": "97879916721",
            "phone2": "123-456-6789",
            "tags": [
                "wired",
                "mist",
                "mist-customer",
                "has_8021x"
            ],
            "session_expiry": 1440,
            "privileges": [
                {
                    "scope": "org",
                    "org_id": "d493e95f-07ad-4163-85f0-5285cf26be94",
                    "role": "admin",
                    "name": "Juniper-test1"
                }
            ]
        }

============ END ==============

2023-12-03 23:09:51,992 INFO Yes, user is already logged in!
2023-12-03 23:09:51,992 DEBUG call "org_list" function...
2023-12-03 23:09:51,993 DEBUG call "user_self" function...
2023-12-03 23:09:52,284 DEBUG 
============ BEGIN ============

<<<<<<<<<<<< Send
    Request URL: "https://api.mist.com/api/v1/self"
    Request Method: GET
    Request Headers:
        {
            "User-Agent": "python-requests/2.28.1",
            "Accept-Encoding": "gzip, deflate",
            "Accept": "*/*",
            "Connection": "keep-alive",
            "Content-Type": "application/json",
            "X-Csrftoken": "xxxxxxxxxxxxxxxxxxxxxxxxxxxxxxxxxxxxxxxxxxxxxxxxxxxxxxxxxxxxxxxx",
            "Cookie": "csrftoken=xxxxxxxxxxxxxxxxxxxxxxxxxxxxxxxxxxxxxxxxxxxxxxxxxxxxxxxxxxxxxxxx; sessionid=u4fby7zlvh4vq3oc7imohlk56fskti81"
        }
    Request Payload:
        None

>>>>>>>>>>>> Receive
    Response URL: "https://api.mist.com/api/v1/self"
    Response Status Code: 200
    Response Headers:
        {
            "Date": "Mon, 04 Dec 2023 04:11:25 GMT",
            "Content-Type": "application/json",
            "Content-Length": "356",
            "Connection": "keep-alive",
            "Vary": "Accept, Cookie, Origin",
            "Allow": "GET, DELETE, OPTIONS, PUT",
            "X-Frame-Options": "DENY",
            "Cache-Control": "no-cache, no-store",
            "Pragma": "no-cache",
            "Access-Control-Allow-Credentials": "true",
            "Access-Control-Expose-Headers": "X-Auth-Token,X-CSRFToken,X-Page-Limit,X-Page-Page,X-Page-Total,X-Requested-With",
            "Content-Security-Policy": "default-src 'self'; object-src 'none'; style-src 'self' 'unsafe-inline'; script-src 'self' 'unsafe-inline';",
            "X-Content-Type-Options": "nosniff",
            "X-Xss-Protection": "1; mode=block",
            "Strict-Transport-Security": "max-age=31536000; includeSubDomains; preload",
            "Referrer-Policy": "strict-origin-when-cross-origin",
            "Permissions-Policy": "geolocation=()",
            "X-Kong-Upstream-Latency": "25",
            "X-Kong-Proxy-Latency": "0",
            "Via": "kong/2.1.4"
        }
    Response Payloads:
        {
            "email": "srho@juniper.net",
            "first_name": "Simon",
            "last_name": "Rho",
            "enable_two_factor": true,
            "two_factor_verified": true,
            "phone": "97879916721",
            "phone2": "123-456-6789",
            "tags": [
                "mist",
                "wired",
                "mist-customer",
                "has_8021x"
            ],
            "session_expiry": 1440,
            "privileges": [
                {
                    "scope": "org",
                    "org_id": "d493e95f-07ad-4163-85f0-5285cf26be94",
                    "role": "admin",
                    "name": "Juniper-test1"
                }
            ]
        }

============ END ==============

2023-12-03 23:09:52,284 INFO Available Organizations:
2023-12-03 23:09:52,285 INFO 
Number  Org name       Role   Id                                  
------  -------------  -----  ------------------------------------
1       Juniper-test1  admin  d493e95f-07ad-4163-85f0-5285cf26be94
2023-12-03 23:09:52,285 INFO 
                                                                                
                               Bye! JSI CLI ends.                               
                                                                                
