2023-12-07 10:19:21,679 - jsi-cli-logger - INFO - 

################################################################################
                               [ JSI CLI STARTS ]                               
################################################################################

2023-12-07 10:19:21,680 - jsi-cli-logger - INFO - sys.argv: ['/var/db/scripts/op/jsi', '--user', 'login']
2023-12-07 10:19:21,680 - jsi-cli-logger - INFO - 

********************************************************************************
                               USER LOGIN COMMAND                               
********************************************************************************

2023-12-07 10:19:21,681 - jsi-cli-logger - INFO - Default user login session check flag is on, let's check if there is an active user session...
2023-12-07 10:19:21,681 - jsi-cli-logger - DEBUG - call "user_self" function...
2023-12-07 10:19:21,681 - jsi-cli-logger - INFO - checking if user is already logged in...?
2023-12-07 10:19:21,682 - jsi-cli-logger - DEBUG - call "user_self" function...
2023-12-07 10:19:21,682 - jsi-cli-logger - INFO - No user is currently logged in. proceed with manual login
2023-12-07 10:19:21,682 - jsi-cli-logger - INFO - input username
2023-12-07 10:19:21,682 - jsi-cli-logger - INFO - To connect your device to the JSI service, log in with your Mist Cloud ID. If you don't have one? head over to https://manage.mist.com
2023-12-07 10:19:26,815 - jsi-cli-logger - INFO - Calling user lookup function to check if username is registered and available
2023-12-07 10:19:26,815 - jsi-cli-logger - DEBUG - call "user_lookup" function...
2023-12-07 10:19:26,815 - jsi-cli-logger - DEBUG - call "get_csrftoken" function...
2023-12-07 10:19:28,664 - jsi-cli-logger - DEBUG - 


============ BEGIN ============

<<<<<<<<<<<< Send
    Request URL: "https://api.mist.com/api/v1/sso/lookup"
    Request Method: POST
    Request Headers:
        {
            "User-Agent": "python-requests/2.28.1",
            "Accept-Encoding": "gzip, deflate",
            "Accept": "*/*",
            "Connection": "keep-alive",
            "Content-Type": "application/json",
            "Content-Length": "35"
        }
    Request Payload:
        {
            "email": "simonrho2023@gmail.com"
        }

>>>>>>>>>>>> Receive
    Response URL: "https://api.mist.com/api/v1/sso/lookup"
    Response Status Code: 200
    Response Headers:
        {
            "Date": "Thu, 07 Dec 2023 15:21:07 GMT",
            "Content-Type": "application/json",
            "Content-Length": "100",
            "Connection": "keep-alive",
            "Vary": "Accept, Cookie, Origin",
            "Allow": "OPTIONS, POST",
            "X-Frame-Options": "DENY",
            "Cache-Control": "no-cache, no-store",
            "Pragma": "no-cache",
            "Access-Control-Allow-Credentials": "true",
            "Access-Control-Expose-Headers": "X-Auth-Token,X-CSRFToken,X-Page-Limit,X-Page-Page,X-Page-Total,X-Requested-With",
            "Content-Security-Policy": "default-src 'self'; object-src 'none'; style-src 'self' 'unsafe-inline'; script-src 'self' 'unsafe-inline';",
            "X-Content-Type-Options": "nosniff",
            "X-Xss-Protection": "1; mode=block",
            "Strict-Transport-Security": "max-age=31536000; includeSubDomains; preload",
            "Referrer-Policy": "strict-origin-when-cross-origin",
            "Permissions-Policy": "geolocation=()",
            "X-Kong-Upstream-Latency": "1547",
            "X-Kong-Proxy-Latency": "1",
            "Via": "kong/2.1.4"
        }
    Response Payloads:
        {
            "email": "simonrho2023@gmail.com",
            "accounts": [
                {
                    "api_url": "https://api.eu.mist.com",
                    "type": "local"
                }
            ]
        }

============ END ==============

2023-12-07 10:19:28,664 - jsi-cli-logger - INFO - username found! and ask for password
2023-12-07 10:19:31,169 - jsi-cli-logger - INFO - Call user login function using username(email format) and password
2023-12-07 10:19:31,169 - jsi-cli-logger - DEBUG - call "user_login" function...
2023-12-07 10:19:31,169 - jsi-cli-logger - DEBUG - call "get_csrftoken" function...
2023-12-07 10:19:31,574 - jsi-cli-logger - DEBUG - 


============ BEGIN ============

<<<<<<<<<<<< Send
    Request URL: "https://api.eu.mist.com/api/v1/login"
    Request Method: POST
    Request Headers:
        {
            "User-Agent": "python-requests/2.28.1",
            "Accept-Encoding": "gzip, deflate",
            "Accept": "*/*",
            "Connection": "keep-alive",
            "Content-Type": "application/json",
            "Content-Length": "60"
        }
    Request Payload:
        {
            "email": "simonrho2023@gmail.com",
            "password": "xxxxxxxxx"
        }

>>>>>>>>>>>> Receive
    Response URL: "https://api.eu.mist.com/api/v1/login"
    Response Status Code: 401
    Response Headers:
        {
            "Date": "Thu, 07 Dec 2023 15:21:10 GMT",
            "Content-Type": "application/json",
            "Content-Length": "50",
            "Connection": "keep-alive",
            "Vary": "Accept, Cookie, Origin",
            "Allow": "POST, OPTIONS",
            "X-Frame-Options": "DENY",
            "Cache-Control": "no-cache, no-store",
            "Pragma": "no-cache",
            "Access-Control-Allow-Credentials": "true",
            "Access-Control-Expose-Headers": "X-Auth-Token,X-CSRFToken,X-Requested-With,X-Page-Limit,X-Page-Page,X-Page-Total",
            "Content-Security-Policy": "default-src 'self'; object-src 'none'; style-src 'self' 'unsafe-inline'; script-src 'self' 'unsafe-inline';",
            "X-Content-Type-Options": "nosniff",
            "X-Xss-Protection": "1; mode=block",
            "Strict-Transport-Security": "max-age=31536000; includeSubDomains; preload",
            "Referrer-Policy": "strict-origin-when-cross-origin",
            "Permissions-Policy": "geolocation=()",
            "X-Kong-Upstream-Latency": "75",
            "X-Kong-Proxy-Latency": "0",
            "Via": "kong/2.1.4"
        }
    Response Payloads:
        {
            "detail": "Incorrect authentication credentials."
        }

============ END ==============

2023-12-07 10:19:31,574 - jsi-cli-logger - INFO - 


simonrho2023@gmail.com login failed. check your email/password

2023-12-07 10:19:31,574 - jsi-cli-logger - INFO - 

                                                                                
                               Bye! JSI CLI ends.                               
                                                                                
